<?xml version="1.0" encoding="UTF-8"?>
<testng-results skipped="0" failed="0" total="2" passed="2">
  <reporter-output>
  </reporter-output>
  <suite name="Default suite" duration-ms="17016" started-at="2018-07-12T00:36:42Z" finished-at="2018-07-12T00:36:59Z">
    <groups>
    </groups>
    <test name="Default test" duration-ms="17016" started-at="2018-07-12T00:36:42Z" finished-at="2018-07-12T00:36:59Z">
      <class name="com.qa.testcases.loginPageTest">
        <test-method status="PASS" signature="setup()[pri:0, instance:com.qa.testcases.loginPageTest@3ffc5af1]" name="setup" is-config="true" duration-ms="5065" started-at="2018-07-11T19:36:42Z" finished-at="2018-07-11T19:36:47Z">
          <reporter-output>
          </reporter-output>
        </test-method> <!-- setup -->
        <test-method status="PASS" signature="PageTitle()[pri:1, instance:com.qa.testcases.loginPageTest@3ffc5af1]" name="PageTitle" duration-ms="34" started-at="2018-07-11T19:36:47Z" finished-at="2018-07-11T19:36:47Z">
          <reporter-output>
          </reporter-output>
        </test-method> <!-- PageTitle -->
        <test-method status="PASS" signature="closeBrowser()[pri:0, instance:com.qa.testcases.loginPageTest@3ffc5af1]" name="closeBrowser" is-config="true" duration-ms="622" started-at="2018-07-11T19:36:47Z" finished-at="2018-07-11T19:36:47Z">
          <reporter-output>
          </reporter-output>
        </test-method> <!-- closeBrowser -->
        <test-method status="PASS" signature="setup()[pri:0, instance:com.qa.testcases.loginPageTest@3ffc5af1]" name="setup" is-config="true" duration-ms="4773" started-at="2018-07-11T19:36:47Z" finished-at="2018-07-11T19:36:52Z">
          <reporter-output>
          </reporter-output>
        </test-method> <!-- setup -->
        <test-method status="PASS" signature="login()[pri:2, instance:com.qa.testcases.loginPageTest@3ffc5af1]" name="login" duration-ms="5855" started-at="2018-07-11T19:36:52Z" finished-at="2018-07-11T19:36:58Z">
          <reporter-output>
          </reporter-output>
        </test-method> <!-- login -->
        <test-method status="PASS" signature="closeBrowser()[pri:0, instance:com.qa.testcases.loginPageTest@3ffc5af1]" name="closeBrowser" is-config="true" duration-ms="647" started-at="2018-07-11T19:36:58Z" finished-at="2018-07-11T19:36:59Z">
          <reporter-output>
          </reporter-output>
        </test-method> <!-- closeBrowser -->
      </class> <!-- com.qa.testcases.loginPageTest -->
    </test> <!-- Default test -->
  </suite> <!-- Default suite -->
</testng-results>
